app/build/intermediates/manifest_merge_blame_file/debug/processDebugMainManifest/manifest-merger-blame-debug-report.txt
1<?xml version="1.0" encoding="utf-8"?>
2<manifest xmlns:android="http://schemas.android.com/apk/res/android"
3    package="com.mobclaw.android.testapp"
4    android:versionCode="1"
5    android:versionName="0.2.0" >
6
7    <uses-sdk
8        android:minSdkVersion="26"
9        android:targetSdkVersion="35" />
10
11    <uses-permission android:name="android.permission.INTERNET" />
11-->src/main/AndroidManifest.xml:4:5-67
11-->src/main/AndroidManifest.xml:4:22-64
12    <uses-permission android:name="android.permission.SYSTEM_ALERT_WINDOW" />
12-->src/main/AndroidManifest.xml:5:5-78
12-->src/main/AndroidManifest.xml:5:22-75
13
14    <!-- Required on Android 11+ (API 30) to query/list all installed packages -->
15    <uses-permission android:name="android.permission.QUERY_ALL_PACKAGES" /> <!-- Fallback: declare intents we query so apps are visible even without QUERY_ALL_PACKAGES -->
15-->[:mobclaw] AndroidManifest.xml:10:5-12:53
15-->[:mobclaw] AndroidManifest.xml:11:9-61
16    <queries>
16-->[:mobclaw] AndroidManifest.xml:15:5-21:15
17        <intent>
17-->[:mobclaw] AndroidManifest.xml:16:9-20:18
18            <action android:name="android.intent.action.MAIN" />
18-->src/main/AndroidManifest.xml:17:17-69
18-->src/main/AndroidManifest.xml:17:25-66
19
20            <category android:name="android.intent.category.LAUNCHER" />
20-->src/main/AndroidManifest.xml:18:17-77
20-->src/main/AndroidManifest.xml:18:27-74
21        </intent>
22    </queries>
23
24    <permission
24-->[androidx.core:core:1.15.0] AndroidManifest.xml:22:5-24:47
25        android:name="com.mobclaw.android.testapp.DYNAMIC_RECEIVER_NOT_EXPORTED_PERMISSION"
25-->[androidx.core:core:1.15.0] AndroidManifest.xml:23:9-81
26        android:protectionLevel="signature" />
26-->[androidx.core:core:1.15.0] AndroidManifest.xml:24:9-44
27
28    <uses-permission android:name="com.mobclaw.android.testapp.DYNAMIC_RECEIVER_NOT_EXPORTED_PERMISSION" />
28-->[androidx.core:core:1.15.0] AndroidManifest.xml:26:5-97
28-->[androidx.core:core:1.15.0] AndroidManifest.xml:26:22-94
29
30    <application
30-->src/main/AndroidManifest.xml:7:5-32:19
31        android:allowBackup="true"
31-->src/main/AndroidManifest.xml:8:9-35
32        android:appComponentFactory="androidx.core.app.CoreComponentFactory"
32-->[androidx.core:core:1.15.0] AndroidManifest.xml:28:18-86
33        android:debuggable="true"
34        android:extractNativeLibs="false"
35        android:label="MobClaw Test"
35-->src/main/AndroidManifest.xml:9:9-37
36        android:supportsRtl="true"
36-->src/main/AndroidManifest.xml:10:9-35
37        android:theme="@style/Theme.Material3.DayNight.NoActionBar" >
37-->src/main/AndroidManifest.xml:11:9-68
38        <activity
38-->src/main/AndroidManifest.xml:13:9-20:20
39            android:name="com.mobclaw.android.testapp.MainActivity"
39-->src/main/AndroidManifest.xml:14:13-41
40            android:exported="true" >
40-->src/main/AndroidManifest.xml:15:13-36
41            <intent-filter>
41-->src/main/AndroidManifest.xml:16:13-19:29
42                <action android:name="android.intent.action.MAIN" />
42-->src/main/AndroidManifest.xml:17:17-69
42-->src/main/AndroidManifest.xml:17:25-66
43
44                <category android:name="android.intent.category.LAUNCHER" />
44-->src/main/AndroidManifest.xml:18:17-77
44-->src/main/AndroidManifest.xml:18:27-74
45            </intent-filter>
46        </activity>
47
48        <provider
49            android:name="androidx.core.content.FileProvider"
49-->src/main/AndroidManifest.xml:23:13-62
50            android:authorities="com.mobclaw.android.testapp.fileprovider"
50-->src/main/AndroidManifest.xml:24:13-64
51            android:exported="false"
51-->src/main/AndroidManifest.xml:25:13-37
52            android:grantUriPermissions="true" >
52-->src/main/AndroidManifest.xml:26:13-47
53            <meta-data
53-->src/main/AndroidManifest.xml:27:13-29:54
54                android:name="android.support.FILE_PROVIDER_PATHS"
54-->src/main/AndroidManifest.xml:28:17-67
55                android:resource="@xml/file_paths" />
55-->src/main/AndroidManifest.xml:29:17-51
56        </provider>
57
58        <service
58-->[:mobclaw] AndroidManifest.xml:24:9-35:19
59            android:name="com.mobclaw.android.accessibility.MobClawAccessibilityService"
59-->[:mobclaw] AndroidManifest.xml:25:13-89
60            android:exported="true"
60-->[:mobclaw] AndroidManifest.xml:26:13-36
61            android:permission="android.permission.BIND_ACCESSIBILITY_SERVICE" >
61-->[:mobclaw] AndroidManifest.xml:27:13-79
62            <intent-filter>
62-->[:mobclaw] AndroidManifest.xml:28:13-30:29
63                <action android:name="android.accessibilityservice.AccessibilityService" />
63-->[:mobclaw] AndroidManifest.xml:29:17-92
63-->[:mobclaw] AndroidManifest.xml:29:25-89
64            </intent-filter>
65
66            <meta-data
66-->[:mobclaw] AndroidManifest.xml:32:13-34:72
67                android:name="android.accessibilityservice"
67-->[:mobclaw] AndroidManifest.xml:33:17-60
68                android:resource="@xml/accessibility_service_config" />
68-->[:mobclaw] AndroidManifest.xml:34:17-69
69        </service>
70
71        <activity
71-->[androidx.compose.ui:ui-tooling-android:1.7.5] AndroidManifest.xml:23:9-25:39
72            android:name="androidx.compose.ui.tooling.PreviewActivity"
72-->[androidx.compose.ui:ui-tooling-android:1.7.5] AndroidManifest.xml:24:13-71
73            android:exported="true" />
73-->[androidx.compose.ui:ui-tooling-android:1.7.5] AndroidManifest.xml:25:13-36
74
75        <provider
75-->[androidx.emoji2:emoji2:1.3.0] AndroidManifest.xml:24:9-32:20
76            android:name="androidx.startup.InitializationProvider"
76-->[androidx.emoji2:emoji2:1.3.0] AndroidManifest.xml:25:13-67
77            android:authorities="com.mobclaw.android.testapp.androidx-startup"
77-->[androidx.emoji2:emoji2:1.3.0] AndroidManifest.xml:26:13-68
78            android:exported="false" >
78-->[androidx.emoji2:emoji2:1.3.0] AndroidManifest.xml:27:13-37
79            <meta-data
79-->[androidx.emoji2:emoji2:1.3.0] AndroidManifest.xml:29:13-31:52
80                android:name="androidx.emoji2.text.EmojiCompatInitializer"
80-->[androidx.emoji2:emoji2:1.3.0] AndroidManifest.xml:30:17-75
81                android:value="androidx.startup" />
81-->[androidx.emoji2:emoji2:1.3.0] AndroidManifest.xml:31:17-49
82            <meta-data
82-->[androidx.lifecycle:lifecycle-process:2.8.7] AndroidManifest.xml:29:13-31:52
83                android:name="androidx.lifecycle.ProcessLifecycleInitializer"
83-->[androidx.lifecycle:lifecycle-process:2.8.7] AndroidManifest.xml:30:17-78
84                android:value="androidx.startup" />
84-->[androidx.lifecycle:lifecycle-process:2.8.7] AndroidManifest.xml:31:17-49
85            <meta-data
85-->[androidx.profileinstaller:profileinstaller:1.3.1] AndroidManifest.xml:29:13-31:52
86                android:name="androidx.profileinstaller.ProfileInstallerInitializer"
86-->[androidx.profileinstaller:profileinstaller:1.3.1] AndroidManifest.xml:30:17-85
87                android:value="androidx.startup" />
87-->[androidx.profileinstaller:profileinstaller:1.3.1] AndroidManifest.xml:31:17-49
88        </provider>
89
90        <receiver
90-->[androidx.profileinstaller:profileinstaller:1.3.1] AndroidManifest.xml:34:9-52:20
91            android:name="androidx.profileinstaller.ProfileInstallReceiver"
91-->[androidx.profileinstaller:profileinstaller:1.3.1] AndroidManifest.xml:35:13-76
92            android:directBootAware="false"
92-->[androidx.profileinstaller:profileinstaller:1.3.1] AndroidManifest.xml:36:13-44
93            android:enabled="true"
93-->[androidx.profileinstaller:profileinstaller:1.3.1] AndroidManifest.xml:37:13-35
94            android:exported="true"
94-->[androidx.profileinstaller:profileinstaller:1.3.1] AndroidManifest.xml:38:13-36
95            android:permission="android.permission.DUMP" >
95-->[androidx.profileinstaller:profileinstaller:1.3.1] AndroidManifest.xml:39:13-57
96            <intent-filter>
96-->[androidx.profileinstaller:profileinstaller:1.3.1] AndroidManifest.xml:40:13-42:29
97                <action android:name="androidx.profileinstaller.action.INSTALL_PROFILE" />
97-->[androidx.profileinstaller:profileinstaller:1.3.1] AndroidManifest.xml:41:17-91
97-->[androidx.profileinstaller:profileinstaller:1.3.1] AndroidManifest.xml:41:25-88
98            </intent-filter>
99            <intent-filter>
99-->[androidx.profileinstaller:profileinstaller:1.3.1] AndroidManifest.xml:43:13-45:29
100                <action android:name="androidx.profileinstaller.action.SKIP_FILE" />
100-->[androidx.profileinstaller:profileinstaller:1.3.1] AndroidManifest.xml:44:17-85
100-->[androidx.profileinstaller:profileinstaller:1.3.1] AndroidManifest.xml:44:25-82
101            </intent-filter>
102            <intent-filter>
102-->[androidx.profileinstaller:profileinstaller:1.3.1] AndroidManifest.xml:46:13-48:29
103                <action android:name="androidx.profileinstaller.action.SAVE_PROFILE" />
103-->[androidx.profileinstaller:profileinstaller:1.3.1] AndroidManifest.xml:47:17-88
103-->[androidx.profileinstaller:profileinstaller:1.3.1] AndroidManifest.xml:47:25-85
104            </intent-filter>
105            <intent-filter>
105-->[androidx.profileinstaller:profileinstaller:1.3.1] AndroidManifest.xml:49:13-51:29
106                <action android:name="androidx.profileinstaller.action.BENCHMARK_OPERATION" />
106-->[androidx.profileinstaller:profileinstaller:1.3.1] AndroidManifest.xml:50:17-95
106-->[androidx.profileinstaller:profileinstaller:1.3.1] AndroidManifest.xml:50:25-92
107            </intent-filter>
108        </receiver>
109    </application>
110
111</manifest>